{
  "RSpec": {
    "coverage": {
      "/Users/scottfirestone/Turing/1module/complete_me/lib/complete_me.rb": [
        1,
        null,
        1,
        1,
        null,
        1,
        11,
        null,
        null,
        1,
        235902,
        235901,
        null,
        1,
        null,
        null,
        null,
        1,
        2,
        null,
        null,
        1,
        235902,
        null,
        null,
        1,
        5,
        null,
        null,
        1,
        235887,
        null,
        null,
        1,
        1,
        null,
        null
      ],
      "/Users/scottfirestone/Turing/1module/complete_me/lib/dictionary.rb": [
        1,
        null,
        1,
        1,
        null,
        1,
        25,
        25,
        25,
        null,
        null,
        1,
        235912,
        235912,
        235912,
        2257344,
        1464478,
        null,
        792866,
        792866,
        792866,
        null,
        null,
        235912,
        235912,
        null,
        null,
        1,
        235906,
        1700376,
        235900,
        null,
        1464476,
        null,
        null,
        6,
        null,
        null,
        1,
        7,
        7,
        7,
        7,
        2,
        null,
        7,
        null,
        null,
        1,
        5,
        4,
        null,
        1,
        null,
        null,
        null,
        1,
        null,
        1,
        21,
        7,
        null,
        14,
        14,
        14,
        null,
        null,
        null,
        null,
        1,
        44,
        44,
        37,
        15,
        null,
        37,
        null,
        44,
        null,
        null,
        1,
        22,
        null,
        null,
        1,
        2,
        2,
        4,
        null,
        null,
        null,
        1,
        6,
        4,
        null,
        null
      ],
      "/Users/scottfirestone/Turing/1module/complete_me/lib/node.rb": [
        1,
        1,
        null,
        1,
        792895,
        792895,
        792895,
        null,
        null
      ],
      "/Users/scottfirestone/Turing/1module/complete_me/test/dictionary_test.rb": [
        1,
        1,
        1,
        null,
        1,
        1,
        null,
        1,
        14,
        null,
        null,
        1,
        1,
        null,
        null,
        1,
        1,
        null,
        null,
        1,
        1,
        null,
        null,
        1,
        1,
        null,
        null,
        1,
        1,
        1,
        null,
        null,
        1,
        1,
        1,
        null,
        null,
        1,
        1,
        null,
        null,
        1,
        1,
        1,
        null,
        null,
        1,
        1,
        1,
        1,
        null,
        null,
        1,
        1,
        1,
        1,
        1,
        1,
        null,
        null,
        1,
        1,
        1,
        null,
        null,
        1,
        1,
        1,
        1,
        1,
        1,
        null,
        null,
        1,
        1,
        1,
        1,
        1,
        1,
        1,
        1,
        1,
        null,
        null,
        1,
        1,
        1,
        1,
        1,
        1,
        null,
        null
      ],
      "/Users/scottfirestone/Turing/1module/complete_me/test/node_test.rb": [
        1,
        1,
        null,
        1,
        1,
        null,
        1,
        4,
        null,
        null,
        1,
        1,
        null,
        null,
        1,
        1,
        null,
        null,
        1,
        1,
        null,
        null,
        1,
        1,
        null,
        null,
        null
      ],
      "/Users/scottfirestone/Turing/1module/complete_me/test/test_helper.rb": [
        1,
        1,
        1
      ]
    },
    "timestamp": 1453831753
  },
  "Unit Tests": {
    "coverage": {
      "/Users/scottfirestone/Turing/1module/complete_me/lib/complete_me.rb": [
        1,
        null,
        1,
        1,
        null,
        1,
        11,
        null,
        null,
        1,
        235902,
        235901,
        null,
        1,
        null,
        null,
        null,
        1,
        2,
        null,
        null,
        1,
        235902,
        null,
        null,
        1,
        5,
        null,
        null,
        1,
        235887,
        null,
        null,
        1,
        1,
        null,
        null
      ],
      "/Users/scottfirestone/Turing/1module/complete_me/lib/dictionary.rb": [
        1,
        null,
        1,
        1,
        null,
        1,
        25,
        25,
        25,
        null,
        null,
        1,
        235912,
        235912,
        235912,
        2257344,
        1464478,
        null,
        792866,
        792866,
        792866,
        null,
        null,
        235912,
        235912,
        null,
        null,
        1,
        235906,
        1700376,
        235900,
        null,
        1464476,
        null,
        null,
        6,
        null,
        null,
        1,
        7,
        7,
        7,
        7,
        2,
        null,
        7,
        null,
        null,
        1,
        5,
        4,
        null,
        1,
        null,
        null,
        null,
        1,
        null,
        1,
        21,
        7,
        null,
        14,
        14,
        14,
        null,
        null,
        null,
        null,
        1,
        44,
        44,
        37,
        15,
        null,
        37,
        null,
        44,
        null,
        null,
        1,
        22,
        null,
        null,
        1,
        2,
        2,
        4,
        null,
        null,
        null,
        1,
        6,
        4,
        null,
        null
      ],
      "/Users/scottfirestone/Turing/1module/complete_me/lib/node.rb": [
        1,
        1,
        null,
        1,
        792895,
        792895,
        792895,
        null,
        null
      ],
      "/Users/scottfirestone/Turing/1module/complete_me/test/dictionary_test.rb": [
        1,
        1,
        1,
        null,
        1,
        1,
        null,
        1,
        14,
        null,
        null,
        1,
        1,
        null,
        null,
        1,
        1,
        null,
        null,
        1,
        1,
        null,
        null,
        1,
        1,
        null,
        null,
        1,
        1,
        1,
        null,
        null,
        1,
        1,
        1,
        null,
        null,
        1,
        1,
        null,
        null,
        1,
        1,
        1,
        null,
        null,
        1,
        1,
        1,
        1,
        null,
        null,
        1,
        1,
        1,
        1,
        1,
        1,
        null,
        null,
        1,
        1,
        1,
        null,
        null,
        1,
        1,
        1,
        1,
        1,
        1,
        null,
        null,
        1,
        1,
        1,
        1,
        1,
        1,
        1,
        1,
        1,
        null,
        null,
        1,
        1,
        1,
        1,
        1,
        1,
        null,
        null
      ],
      "/Users/scottfirestone/Turing/1module/complete_me/test/node_test.rb": [
        1,
        1,
        null,
        1,
        1,
        null,
        1,
        4,
        null,
        null,
        1,
        1,
        null,
        null,
        1,
        1,
        null,
        null,
        1,
        1,
        null,
        null,
        1,
        1,
        null,
        null,
        null
      ],
      "/Users/scottfirestone/Turing/1module/complete_me/test/test_helper.rb": [
        1,
        1,
        1
      ]
    },
    "timestamp": 1453830229
  }
}
