{
  "RSpec": {
    "coverage": {
      "/Users/scottfirestone/Turing/1module/complete_me/lib/complete_me.rb": [
        1,
        null,
        1,
        1,
        null,
        1,
        11,
        null,
        null,
        1,
        16,
        15,
        null,
        1,
        null,
        null,
        null,
        1,
        1,
        null,
        null,
        1,
        16,
        null,
        null,
        1,
        4,
        null,
        null,
        1,
        0,
        0,
        0,
        null,
        null,
        null,
        1,
        0,
        null,
        null
      ],
      "/Users/scottfirestone/Turing/1module/complete_me/lib/dictionary.rb": [
        1,
        null,
        1,
        1,
        null,
        1,
        23,
        23,
        null,
        null,
        1,
        27,
        27,
        27,
        129,
        36,
        null,
        93,
        93,
        93,
        null,
        null,
        27,
        27,
        null,
        null,
        1,
        20,
        43,
        14,
        null,
        29,
        null,
        null,
        6,
        null,
        null,
        1,
        42,
        8,
        null,
        34,
        34,
        34,
        null,
        null,
        null,
        null,
        1,
        32,
        32,
        27,
        11,
        null,
        27,
        null,
        32,
        null,
        null,
        1,
        5,
        5,
        16,
        5,
        null,
        null,
        1,
        0,
        null,
        null,
        1,
        1,
        1,
        null,
        null
      ],
      "/Users/scottfirestone/Turing/1module/complete_me/lib/node.rb": [
        1,
        1,
        null,
        1,
        121,
        121,
        121,
        121,
        null,
        null
      ],
      "/Users/scottfirestone/Turing/1module/complete_me/test/dictionary_test.rb": [
        1,
        1,
        1,
        null,
        1,
        null,
        1,
        12,
        null,
        null,
        1,
        1,
        null,
        null,
        1,
        1,
        null,
        null,
        1,
        1,
        null,
        null,
        1,
        1,
        null,
        null,
        1,
        1,
        1,
        null,
        null,
        1,
        1,
        1,
        null,
        null,
        1,
        1,
        null,
        null,
        1,
        1,
        1,
        null,
        null,
        1,
        1,
        1,
        1,
        null,
        null,
        1,
        1,
        1,
        1,
        1,
        1,
        null,
        null,
        1,
        1,
        1,
        1,
        1,
        1,
        1,
        null,
        null,
        1,
        null,
        null,
        null
      ],
      "/Users/scottfirestone/Turing/1module/complete_me/test/node_test.rb": [
        1,
        1,
        1,
        null,
        1,
        null,
        1,
        5,
        null,
        null,
        1,
        1,
        null,
        null,
        1,
        1,
        null,
        null,
        1,
        1,
        null,
        null,
        1,
        1,
        null,
        null,
        1,
        1,
        null,
        null,
        null
      ],
      "/Users/scottfirestone/Turing/1module/complete_me/test/test_helper.rb": [
        1,
        1
      ]
    },
    "timestamp": 1450908437
  },
  "Unit Tests": {
    "coverage": {
      "/Users/scottfirestone/Turing/1module/complete_me/lib/complete_me.rb": [
        1,
        null,
        1,
        1,
        null,
        1,
        11,
        null,
        null,
        1,
        16,
        15,
        null,
        1,
        null,
        null,
        null,
        1,
        1,
        null,
        null,
        1,
        16,
        null,
        null,
        1,
        5,
        null,
        null,
        1,
        0,
        0,
        0,
        null,
        null,
        null,
        1,
        1,
        null,
        null
      ],
      "/Users/scottfirestone/Turing/1module/complete_me/lib/dictionary.rb": [
        1,
        null,
        1,
        1,
        null,
        1,
        23,
        23,
        null,
        null,
        1,
        27,
        27,
        27,
        129,
        36,
        null,
        93,
        93,
        93,
        null,
        null,
        27,
        27,
        null,
        null,
        1,
        20,
        43,
        14,
        null,
        29,
        null,
        null,
        6,
        null,
        null,
        1,
        49,
        10,
        null,
        39,
        39,
        39,
        null,
        null,
        null,
        null,
        1,
        39,
        39,
        33,
        13,
        null,
        33,
        null,
        39,
        null,
        null,
        1,
        6,
        6,
        19,
        19,
        null,
        null,
        1,
        2,
        2,
        null,
        null
      ],
      "/Users/scottfirestone/Turing/1module/complete_me/lib/node.rb": [
        1,
        1,
        null,
        1,
        121,
        121,
        121,
        121,
        null,
        null
      ],
      "/Users/scottfirestone/Turing/1module/complete_me/test/dictionary_test.rb": [
        1,
        1,
        1,
        null,
        1,
        null,
        1,
        12,
        null,
        null,
        1,
        1,
        null,
        null,
        1,
        1,
        null,
        null,
        1,
        1,
        null,
        null,
        1,
        1,
        null,
        null,
        1,
        1,
        1,
        null,
        null,
        1,
        1,
        1,
        null,
        null,
        1,
        1,
        null,
        null,
        1,
        1,
        1,
        null,
        null,
        1,
        1,
        1,
        1,
        null,
        null,
        1,
        1,
        1,
        1,
        1,
        1,
        null,
        null,
        1,
        1,
        1,
        1,
        1,
        1,
        1,
        null,
        null,
        1,
        null,
        null,
        null
      ],
      "/Users/scottfirestone/Turing/1module/complete_me/test/node_test.rb": [
        1,
        1,
        1,
        null,
        1,
        null,
        1,
        5,
        null,
        null,
        1,
        1,
        null,
        null,
        1,
        1,
        null,
        null,
        1,
        1,
        null,
        null,
        1,
        1,
        null,
        null,
        1,
        1,
        null,
        null,
        null
      ],
      "/Users/scottfirestone/Turing/1module/complete_me/test/test_helper.rb": [
        1,
        1
      ]
    },
    "timestamp": 1450367747
  }
}
